[18:38:42] [Server thread/INFO]: Starting minecraft server version 1.7.10
[18:38:42] [Server console handler/ERROR]: Exception handling console input
java.io.IOException: The handle is invalid
	at java.io.FileInputStream.readBytes(Native Method) ~[?:1.8.0_144]
	at java.io.FileInputStream.read(Unknown Source) ~[?:1.8.0_144]
	at java.io.BufferedInputStream.read1(Unknown Source) ~[?:1.8.0_144]
	at java.io.BufferedInputStream.read(Unknown Source) ~[?:1.8.0_144]
	at sun.nio.cs.StreamDecoder.readBytes(Unknown Source) ~[?:1.8.0_144]
	at sun.nio.cs.StreamDecoder.implRead(Unknown Source) ~[?:1.8.0_144]
	at sun.nio.cs.StreamDecoder.read(Unknown Source) ~[?:1.8.0_144]
	at java.io.InputStreamReader.read(Unknown Source) ~[?:1.8.0_144]
	at java.io.BufferedReader.fill(Unknown Source) ~[?:1.8.0_144]
	at java.io.BufferedReader.readLine(Unknown Source) ~[?:1.8.0_144]
	at java.io.BufferedReader.readLine(Unknown Source) ~[?:1.8.0_144]
	at lv.run(SourceFile:79) [minecraft_server.1.7.10.jar:?]
[18:38:42] [Server thread/INFO]: Loading properties
[18:38:42] [Server thread/INFO]: Default game type: SURVIVAL
[18:38:42] [Server thread/INFO]: Generating keypair
[18:38:43] [Server thread/INFO]: Starting Minecraft server on *:25565
[18:38:43] [Server thread/WARN]: Failed to load user banlist: 
java.io.FileNotFoundException: banned-players.json (The system cannot find the file specified)
	at java.io.FileInputStream.open0(Native Method) ~[?:1.8.0_144]
	at java.io.FileInputStream.open(Unknown Source) ~[?:1.8.0_144]
	at java.io.FileInputStream.<init>(Unknown Source) ~[?:1.8.0_144]
	at com.google.common.io.Files.newReader(Files.java:86) ~[minecraft_server.1.7.10.jar:?]
	at om.g(SourceFile:124) ~[minecraft_server.1.7.10.jar:?]
	at ls.y(SourceFile:99) [minecraft_server.1.7.10.jar:?]
	at ls.<init>(SourceFile:25) [minecraft_server.1.7.10.jar:?]
	at lt.e(SourceFile:166) [minecraft_server.1.7.10.jar:?]
	at net.minecraft.server.MinecraftServer.run(SourceFile:339) [minecraft_server.1.7.10.jar:?]
	at lj.run(SourceFile:628) [minecraft_server.1.7.10.jar:?]
[18:38:43] [Server thread/WARN]: Failed to load ip banlist: 
java.io.FileNotFoundException: banned-ips.json (The system cannot find the file specified)
	at java.io.FileInputStream.open0(Native Method) ~[?:1.8.0_144]
	at java.io.FileInputStream.open(Unknown Source) ~[?:1.8.0_144]
	at java.io.FileInputStream.<init>(Unknown Source) ~[?:1.8.0_144]
	at com.google.common.io.Files.newReader(Files.java:86) ~[minecraft_server.1.7.10.jar:?]
	at om.g(SourceFile:124) ~[minecraft_server.1.7.10.jar:?]
	at ls.x(SourceFile:91) [minecraft_server.1.7.10.jar:?]
	at ls.<init>(SourceFile:27) [minecraft_server.1.7.10.jar:?]
	at lt.e(SourceFile:166) [minecraft_server.1.7.10.jar:?]
	at net.minecraft.server.MinecraftServer.run(SourceFile:339) [minecraft_server.1.7.10.jar:?]
	at lj.run(SourceFile:628) [minecraft_server.1.7.10.jar:?]
[18:38:43] [Server thread/WARN]: Failed to load operators list: 
java.io.FileNotFoundException: ops.json (The system cannot find the file specified)
	at java.io.FileInputStream.open0(Native Method) ~[?:1.8.0_144]
	at java.io.FileInputStream.open(Unknown Source) ~[?:1.8.0_144]
	at java.io.FileInputStream.<init>(Unknown Source) ~[?:1.8.0_144]
	at com.google.common.io.Files.newReader(Files.java:86) ~[minecraft_server.1.7.10.jar:?]
	at om.g(SourceFile:124) ~[minecraft_server.1.7.10.jar:?]
	at ls.z(SourceFile:107) [minecraft_server.1.7.10.jar:?]
	at ls.<init>(SourceFile:29) [minecraft_server.1.7.10.jar:?]
	at lt.e(SourceFile:166) [minecraft_server.1.7.10.jar:?]
	at net.minecraft.server.MinecraftServer.run(SourceFile:339) [minecraft_server.1.7.10.jar:?]
	at lj.run(SourceFile:628) [minecraft_server.1.7.10.jar:?]
[18:38:43] [Server thread/WARN]: Failed to load white-list: 
java.io.FileNotFoundException: whitelist.json (The system cannot find the file specified)
	at java.io.FileInputStream.open0(Native Method) ~[?:1.8.0_144]
	at java.io.FileInputStream.open(Unknown Source) ~[?:1.8.0_144]
	at java.io.FileInputStream.<init>(Unknown Source) ~[?:1.8.0_144]
	at com.google.common.io.Files.newReader(Files.java:86) ~[minecraft_server.1.7.10.jar:?]
	at om.g(SourceFile:124) ~[minecraft_server.1.7.10.jar:?]
	at ls.B(SourceFile:123) [minecraft_server.1.7.10.jar:?]
	at ls.<init>(SourceFile:30) [minecraft_server.1.7.10.jar:?]
	at lt.e(SourceFile:166) [minecraft_server.1.7.10.jar:?]
	at net.minecraft.server.MinecraftServer.run(SourceFile:339) [minecraft_server.1.7.10.jar:?]
	at lj.run(SourceFile:628) [minecraft_server.1.7.10.jar:?]
[18:38:43] [Server thread/INFO]: Preparing level "world"
[18:38:43] [Server thread/INFO]: Preparing start region for level 0
[18:38:44] [Server thread/INFO]: Preparing spawn area: 12%
[18:38:45] [Server thread/INFO]: Preparing spawn area: 27%
[18:38:46] [Server thread/INFO]: Preparing spawn area: 44%
[18:38:47] [Server thread/INFO]: Preparing spawn area: 61%
[18:38:48] [Server thread/INFO]: Preparing spawn area: 72%
[18:38:49] [Server thread/INFO]: Preparing spawn area: 87%
[18:38:50] [Server thread/INFO]: Done (7.277s)! For help, type "help" or "?"
[18:38:53] [Server thread/INFO]: Stopping server
[18:38:53] [Server thread/INFO]: Saving players
[18:38:53] [Server thread/INFO]: Saving worlds
[18:38:53] [Server thread/INFO]: Saving chunks for level 'world'/Overworld
[18:38:54] [Server thread/INFO]: Saving chunks for level 'world'/Nether
[18:38:54] [Server thread/INFO]: Saving chunks for level 'world'/The End
[18:38:56] [Server Shutdown Thread/INFO]: Stopping server
[18:40:23] [Server thread/INFO]: Starting minecraft server version 1.7.10
[18:40:23] [Server console handler/ERROR]: Exception handling console input
java.io.IOException: The handle is invalid
	at java.io.FileInputStream.readBytes(Native Method) ~[?:1.8.0_144]
	at java.io.FileInputStream.read(Unknown Source) ~[?:1.8.0_144]
	at java.io.BufferedInputStream.read1(Unknown Source) ~[?:1.8.0_144]
	at java.io.BufferedInputStream.read(Unknown Source) ~[?:1.8.0_144]
	at sun.nio.cs.StreamDecoder.readBytes(Unknown Source) ~[?:1.8.0_144]
	at sun.nio.cs.StreamDecoder.implRead(Unknown Source) ~[?:1.8.0_144]
	at sun.nio.cs.StreamDecoder.read(Unknown Source) ~[?:1.8.0_144]
	at java.io.InputStreamReader.read(Unknown Source) ~[?:1.8.0_144]
	at java.io.BufferedReader.fill(Unknown Source) ~[?:1.8.0_144]
	at java.io.BufferedReader.readLine(Unknown Source) ~[?:1.8.0_144]
	at java.io.BufferedReader.readLine(Unknown Source) ~[?:1.8.0_144]
	at net.minecraft.server.dedicated.DedicatedServer$2.run(DedicatedServer.java:97) [lv.class:?]
[18:40:25] [Server thread/INFO]: Loading properties
[18:40:25] [Server thread/INFO]: Default game type: SURVIVAL
[18:40:25] [Server thread/INFO]: Generating keypair
[18:40:25] [Server thread/INFO]: Starting Minecraft server on *:25565
[18:40:26] [Server thread/INFO]: Preparing level "world"
[18:40:26] [Server thread/INFO]: Preparing start region for level 0
[18:40:27] [Server thread/INFO]: Preparing spawn area: 19%
[18:40:28] [Server thread/INFO]: Preparing spawn area: 95%
[18:40:28] [Server thread/INFO]: Done (2.436s)! For help, type "help" or "?"
[18:40:29] [Server thread/INFO]: Starting minecraft server version 1.7.10
[18:40:29] [Server console handler/ERROR]: Exception handling console input
java.io.IOException: The handle is invalid
	at java.io.FileInputStream.readBytes(Native Method) ~[?:1.8.0_144]
	at java.io.FileInputStream.read(Unknown Source) ~[?:1.8.0_144]
	at java.io.BufferedInputStream.read1(Unknown Source) ~[?:1.8.0_144]
	at java.io.BufferedInputStream.read(Unknown Source) ~[?:1.8.0_144]
	at sun.nio.cs.StreamDecoder.readBytes(Unknown Source) ~[?:1.8.0_144]
	at sun.nio.cs.StreamDecoder.implRead(Unknown Source) ~[?:1.8.0_144]
	at sun.nio.cs.StreamDecoder.read(Unknown Source) ~[?:1.8.0_144]
	at java.io.InputStreamReader.read(Unknown Source) ~[?:1.8.0_144]
	at java.io.BufferedReader.fill(Unknown Source) ~[?:1.8.0_144]
	at java.io.BufferedReader.readLine(Unknown Source) ~[?:1.8.0_144]
	at java.io.BufferedReader.readLine(Unknown Source) ~[?:1.8.0_144]
	at net.minecraft.server.dedicated.DedicatedServer$2.run(DedicatedServer.java:97) [lv.class:?]
[18:40:31] [Server thread/INFO]: Loading properties
[18:40:31] [Server thread/INFO]: Default game type: SURVIVAL
[18:40:31] [Server thread/INFO]: Generating keypair
[18:40:31] [Server thread/INFO]: Starting Minecraft server on *:25565
[18:40:32] [Server thread/WARN]: **** FAILED TO BIND TO PORT!
[18:40:32] [Server thread/WARN]: The exception was: java.net.BindException: Address already in use: bind
[18:40:32] [Server thread/WARN]: Perhaps a server is already running on that port?
[18:46:48] [Server thread/INFO]: Starting minecraft server version 1.7.10
[18:46:48] [Server console handler/ERROR]: Exception handling console input
java.io.IOException: The handle is invalid
	at java.io.FileInputStream.readBytes(Native Method) ~[?:1.8.0_144]
	at java.io.FileInputStream.read(Unknown Source) ~[?:1.8.0_144]
	at java.io.BufferedInputStream.read1(Unknown Source) ~[?:1.8.0_144]
	at java.io.BufferedInputStream.read(Unknown Source) ~[?:1.8.0_144]
	at sun.nio.cs.StreamDecoder.readBytes(Unknown Source) ~[?:1.8.0_144]
	at sun.nio.cs.StreamDecoder.implRead(Unknown Source) ~[?:1.8.0_144]
	at sun.nio.cs.StreamDecoder.read(Unknown Source) ~[?:1.8.0_144]
	at java.io.InputStreamReader.read(Unknown Source) ~[?:1.8.0_144]
	at java.io.BufferedReader.fill(Unknown Source) ~[?:1.8.0_144]
	at java.io.BufferedReader.readLine(Unknown Source) ~[?:1.8.0_144]
	at java.io.BufferedReader.readLine(Unknown Source) ~[?:1.8.0_144]
	at lv.run(SourceFile:79) [minecraft_server.1.7.10.jar:?]
[18:46:48] [Server thread/INFO]: Loading properties
[18:46:48] [Server thread/INFO]: Default game type: SURVIVAL
[18:46:48] [Server thread/INFO]: Generating keypair
[18:46:48] [Server thread/INFO]: Starting Minecraft server on *:25565
[18:46:48] [Server thread/WARN]: **** FAILED TO BIND TO PORT!
[18:46:48] [Server thread/WARN]: The exception was: java.net.BindException: Address already in use: bind
[18:46:48] [Server thread/WARN]: Perhaps a server is already running on that port?
[18:46:48] [Server thread/INFO]: Stopping server
[18:46:48] [Server Shutdown Thread/INFO]: Stopping server
